<?xml version="1.0" encoding="UTF-8"?>
<!-- Generated by org.testng.reporters.JUnitReportReporter -->
<testsuite skipped="0" hostname="Ankit" name="com.crm.qa.testcases.LoginPageTest" tests="3" failures="0" timestamp="28 Aug 2019 17:25:40 GMT" time="51.313" errors="0">
  <testcase name="loginPageTitleTest" time="12.654" classname="com.crm.qa.testcases.LoginPageTest"/>
  <testcase name="CRMLogoImageTest" time="12.932" classname="com.crm.qa.testcases.LoginPageTest"/>
  <testcase name="loginTest" time="25.727" classname="com.crm.qa.testcases.LoginPageTest"/>
</testsuite> <!-- com.crm.qa.testcases.LoginPageTest -->
